<?xml version="1.0" encoding="UTF-8"?>
<!-- Generated by org.testng.reporters.JUnitReportReporter -->
<testsuite name="com.expedia.testscripts.FrameworkTest" tests="1" time="1.355" ignored="1" failures="0" timestamp="06 Mar 2017 12:54:38 GMT" skipped="0" hostname="DESKTOP-CCE05MO" errors="0">
  <testcase name="OneWayFlightTest" time="1.355" classname="com.expedia.testscripts.FrameworkTest"/>
  <testcase name="ReturnFlightTest" classname="com.expedia.testscripts.FrameworkTest">
    <skipped/>
  </testcase> <!-- ReturnFlightTest -->
</testsuite> <!-- com.expedia.testscripts.FrameworkTest -->
