<?xml version="1.0" encoding="UTF-8"?>
<!-- Generated by org.testng.reporters.JUnitReportReporter -->
<testsuite name="com.expedia.testscripts.FrameworkTest" tests="1" time="2.061" ignored="1" failures="0" timestamp="06 Mar 2017 12:51:37 GMT" skipped="0" hostname="DESKTOP-CCE05MO" errors="0">
  <testcase name="ReturnFlightTest" time="2.061" classname="com.expedia.testscripts.FrameworkTest"/>
  <testcase name="OneWayFlightTest" classname="com.expedia.testscripts.FrameworkTest">
    <skipped/>
  </testcase> <!-- OneWayFlightTest -->
</testsuite> <!-- com.expedia.testscripts.FrameworkTest -->
