<?xml version="1.0" encoding="UTF-8"?>
<!-- Generated by org.testng.reporters.JUnitReportReporter -->
<testsuite name="com.expedia.flightbooking.AppTest" tests="1" time="0.016" ignored="0" failures="0" timestamp="06 Mar 2017 12:25:08 GMT" skipped="0" hostname="DESKTOP-CCE05MO" errors="0">
  <testcase name="testApp" time="0.016" classname="com.expedia.flightbooking.AppTest"/>
</testsuite> <!-- com.expedia.flightbooking.AppTest -->
