<?xml version="1.0" encoding="UTF-8"?>
<!-- Generated by org.testng.reporters.JUnitReportReporter -->
<testsuite name="com.expedia.testscripts.FrameworkTest" tests="2" time="2.041" ignored="0" failures="0" timestamp="06 Mar 2017 12:25:07 GMT" skipped="0" hostname="DESKTOP-CCE05MO" errors="0">
  <testcase name="OneWayFlightTest" time="1.205" classname="com.expedia.testscripts.FrameworkTest"/>
  <testcase name="ReturnFlightTest" time="0.836" classname="com.expedia.testscripts.FrameworkTest"/>
</testsuite> <!-- com.expedia.testscripts.FrameworkTest -->
